Determining if the pthread_create exist failed with the following output:
Change Dir: /mnt/c/Users/Lyon/Desktop/新建文件夹/fusionride/RSU/MECAdapter/build/CMakeFiles/CMakeTmp

Run Build Command:"/usr/bin/make" "cmTC_bb91a/fast"
/usr/bin/make -f CMakeFiles/cmTC_bb91a.dir/build.make CMakeFiles/cmTC_bb91a.dir/build
make[1]: Entering directory '/mnt/c/Users/Lyon/Desktop/新建文件夹/fusionride/RSU/MECAdapter/build/CMakeFiles/CMakeTmp'
Building C object CMakeFiles/cmTC_bb91a.dir/CheckSymbolExists.c.o
/usr/bin/cc    -o CMakeFiles/cmTC_bb91a.dir/CheckSymbolExists.c.o   -c /mnt/c/Users/Lyon/Desktop/新建文件夹/fusionride/RSU/MECAdapter/build/CMakeFiles/CMakeTmp/CheckSymbolExists.c
Linking C executable cmTC_bb91a
/usr/bin/cmake -E cmake_link_script CMakeFiles/cmTC_bb91a.dir/link.txt --verbose=1
/usr/bin/cc      CMakeFiles/cmTC_bb91a.dir/CheckSymbolExists.c.o  -o cmTC_bb91a 
CMakeFiles/cmTC_bb91a.dir/CheckSymbolExists.c.o: In function `main':
CheckSymbolExists.c:(.text+0x1b): undefined reference to `pthread_create'
collect2: error: ld returned 1 exit status
CMakeFiles/cmTC_bb91a.dir/build.make:97: recipe for target 'cmTC_bb91a' failed
make[1]: *** [cmTC_bb91a] Error 1
make[1]: Leaving directory '/mnt/c/Users/Lyon/Desktop/新建文件夹/fusionride/RSU/MECAdapter/build/CMakeFiles/CMakeTmp'
Makefile:126: recipe for target 'cmTC_bb91a/fast' failed
make: *** [cmTC_bb91a/fast] Error 2

File /mnt/c/Users/Lyon/Desktop/新建文件夹/fusionride/RSU/MECAdapter/build/CMakeFiles/CMakeTmp/CheckSymbolExists.c:
/* */
#include <pthread.h>

int main(int argc, char** argv)
{
  (void)argv;
#ifndef pthread_create
  return ((int*)(&pthread_create))[argc];
#else
  (void)argc;
  return 0;
#endif
}

